<?xml version="1.0" encoding="UTF-8"?>
<!-- Generated by org.testng.reporters.JUnitReportReporter -->
<testsuite skipped="0" hostname="Sanjays-MacBook-Air.local" name="org.chl.testcases.Landing_page_test" tests="1" failures="0" timestamp="15 Apr 2019 00:32:16 GMT" time="7.989" errors="0">
  <testcase name="tc001" time="7.989" classname="org.chl.testcases.Landing_page_test"/>
</testsuite> <!-- org.chl.testcases.Landing_page_test -->
